1: package Chapter18_IO;
2: 
3: import java.io.*;
4: 
5: 
6: /**
7:  *  基本文件的输出 ( Reader -> Writer)
8:  */
9: public class BasicFileOutput {
10: 
11:     static String file = "src\\Chapter18_IO\\BasicFileOut.out";
12: 
13:     public static void main(String[] args) throws IOException {
14:         // 定义 Reader
15:         BufferedReader in = new BufferedReader(
16:                 new StringReader(
17:                         BufferedInputFile.read("src\\Chapter18_IO\\BasicFileOutput.java")
18:                 )
19:         );
20:         // 定义 Writer ：FileWriter 装饰成 PrintWriter
21:         PrintWriter out = new PrintWriter(
22:                 new BufferedWriter(
23:                         new FileWriter(file)
24:                 )
25:         );
26: 
27:         int lineCount = 1;  // 打印行号用
28:         String  s;
29: 
30:         while ((s = in.readLine()) != null)
31:             out.println(lineCount++ + ": " + s);
32: 
33:         // 如果不关闭, 缓冲区不会刷新清空
34:         out.close();
35: 
36:         System.out.println(BufferedInputFile.read(file));
37:     }
38: }
