1: package Chapter18_IO;
2: 
3: 
4: import java.io.BufferedReader;
5: import java.io.IOException;
6: import java.io.PrintWriter;
7: import java.io.StringReader;
8: 
9: /**
10:  *
11:  */
12: public class FileOutputShortcut {
13:     static String file = "src\\Chapter18_IO\\FileOutputShortcut.out";
14: 
15:     public static void main(String[] args) throws IOException {
16:         // 定义 Reader
17:         BufferedReader in = new BufferedReader(
18:                 new StringReader(
19:                         BufferedInputFile.read("src\\Chapter18_IO\\FileOutputShortcut.java")));
20:         // 定义 Writer
21:         PrintWriter out = new PrintWriter(file);
22: 
23:         int lineCount = 1;
24:         String s;
25: 
26:         while((s = in.readLine()) != null )
27:             out.println(lineCount++ + ": " + s);
28: 
29:         out.close();
30: 
31:         // Show the stored file:
32:         System.out.println(BufferedInputFile.read(file));
33:     }
34: }
